2025-05-16 00:06:06,460 - INFO - Starting TBRGS application
2025-05-16 00:06:10,248 - INFO - Starting model training
2025-05-16 00:06:10,249 - INFO - Loading data
2025-05-16 00:06:10,538 - INFO - Found 40 unique sites
2025-05-16 00:06:10,538 - INFO - Training models for site 2000
2025-05-16 00:06:10,542 - INFO - Training LSTM model
2025-05-16 00:10:53,577 - INFO - LSTM model metrics: {'loss': 0.002101315651088953, 'mae': 0.032520391047000885}
2025-05-16 00:10:54,160 - WARNING - You are saving your model as an HDF5 file via `model.save()` or `keras.saving.save_model(model)`. This file format is considered legacy. We recommend using instead the native Keras format, e.g. `model.save('my_model.keras')` or `keras.saving.save_model(model, 'my_model.keras')`. 
2025-05-16 00:10:54,168 - INFO - Saved LSTM model to models/lstm_site_2000.h5
2025-05-16 00:10:54,168 - INFO - Training GRU model
2025-05-16 00:16:17,757 - INFO - GRU model metrics: {'loss': 0.002141742967069149, 'mae': 0.03418457508087158}
2025-05-16 00:16:18,296 - WARNING - You are saving your model as an HDF5 file via `model.save()` or `keras.saving.save_model(model)`. This file format is considered legacy. We recommend using instead the native Keras format, e.g. `model.save('my_model.keras')` or `keras.saving.save_model(model, 'my_model.keras')`. 
2025-05-16 00:16:18,302 - INFO - Saved GRU model to models/gru_site_2000.h5
2025-05-16 00:16:18,302 - INFO - Model training completed
2025-05-16 00:19:58,286 - INFO - Starting TBRGS application
2025-05-16 00:20:34,906 - INFO - Starting model training
2025-05-16 00:20:34,906 - INFO - Loading data
2025-05-16 00:20:35,219 - INFO - Found 40 unique sites
2025-05-16 00:20:35,219 - INFO - Training models for site 2000
2025-05-16 00:20:35,223 - INFO - Training LSTM model
2025-05-16 00:25:15,318 - INFO - LSTM model metrics: {'loss': 0.0019645008724182844, 'mae': 0.03280879557132721}
2025-05-16 00:25:15,919 - WARNING - You are saving your model as an HDF5 file via `model.save()` or `keras.saving.save_model(model)`. This file format is considered legacy. We recommend using instead the native Keras format, e.g. `model.save('my_model.keras')` or `keras.saving.save_model(model, 'my_model.keras')`. 
2025-05-16 00:25:15,927 - INFO - Saved LSTM model to models/lstm_site_2000.h5
2025-05-16 00:25:15,927 - INFO - Training GRU model
2025-05-16 00:31:04,252 - INFO - GRU model metrics: {'loss': 0.0020013884641230106, 'mae': 0.03194267675280571}
2025-05-16 00:31:04,779 - WARNING - You are saving your model as an HDF5 file via `model.save()` or `keras.saving.save_model(model)`. This file format is considered legacy. We recommend using instead the native Keras format, e.g. `model.save('my_model.keras')` or `keras.saving.save_model(model, 'my_model.keras')`. 
2025-05-16 00:31:04,785 - INFO - Saved GRU model to models/gru_site_2000.h5
2025-05-16 00:31:04,785 - INFO - Model training completed
2025-05-16 00:38:01,037 - INFO - Starting TBRGS application
2025-05-16 00:38:05,035 - INFO - Starting model training
2025-05-16 00:38:05,036 - INFO - Loading data
2025-05-16 00:38:05,336 - INFO - Found 40 unique sites
2025-05-16 00:38:05,336 - INFO - Training models for site 2000
2025-05-16 00:38:05,339 - INFO - Training LSTM model
2025-05-16 00:42:40,527 - INFO - LSTM model metrics: {'loss': 0.0018506721826270223, 'mae': 0.031043406575918198}
2025-05-16 00:42:41,110 - WARNING - You are saving your model as an HDF5 file via `model.save()` or `keras.saving.save_model(model)`. This file format is considered legacy. We recommend using instead the native Keras format, e.g. `model.save('my_model.keras')` or `keras.saving.save_model(model, 'my_model.keras')`. 
2025-05-16 00:42:41,118 - INFO - Saved LSTM model to models/lstm_site_2000.h5
2025-05-16 00:42:41,118 - INFO - Training GRU model
2025-05-16 00:48:01,902 - INFO - GRU model metrics: {'loss': 0.002024247543886304, 'mae': 0.03227018192410469}
2025-05-16 00:48:02,429 - WARNING - You are saving your model as an HDF5 file via `model.save()` or `keras.saving.save_model(model)`. This file format is considered legacy. We recommend using instead the native Keras format, e.g. `model.save('my_model.keras')` or `keras.saving.save_model(model, 'my_model.keras')`. 
2025-05-16 00:48:02,436 - INFO - Saved GRU model to models/gru_site_2000.h5
2025-05-16 00:48:02,436 - INFO - Model training completed
2025-05-16 13:07:23,092 - ERROR - Origin node 2820 not found in graph
2025-05-16 13:07:55,510 - INFO - Starting TBRGS application
2025-05-16 13:08:11,168 - ERROR - Origin node 2200 not found in graph
2025-05-16 13:10:52,807 - INFO - Starting TBRGS application
2025-05-16 13:10:58,304 - INFO - Starting model training
2025-05-16 13:10:58,304 - INFO - Loading data
2025-05-16 13:10:58,614 - INFO - Found 40 unique sites
2025-05-16 13:10:58,614 - INFO - Training models for site 2827
2025-05-16 13:10:58,619 - INFO - Training LSTM model
2025-05-16 13:20:16,020 - INFO - Starting TBRGS application
2025-05-16 13:20:21,342 - ERROR - Origin node 2000 not found in graph
2025-05-16 13:20:25,327 - ERROR - Origin node 2000 not found in graph
2025-05-16 13:23:32,960 - INFO - Starting TBRGS application
2025-05-16 13:23:33,782 - INFO - Built graph with 40 nodes and 1560 edges
2025-05-16 13:28:44,845 - INFO - Starting TBRGS application
2025-05-16 13:28:45,684 - INFO - Built graph with 40 nodes and 1560 edges
2025-05-16 13:33:11,594 - INFO - Starting TBRGS application
2025-05-16 13:33:12,428 - INFO - Built graph with 40 nodes and 1560 edges
2025-05-16 13:36:05,828 - INFO - Starting model training
2025-05-16 13:36:05,829 - INFO - Loading data
2025-05-16 13:36:06,414 - INFO - Found 40 unique sites
2025-05-16 13:36:06,414 - INFO - Training models for site 2000
2025-05-16 13:36:06,418 - INFO - Training LSTM model
2025-05-16 13:43:18,108 - INFO - LSTM model metrics: {'loss': 0.0019229002064093947, 'mae': 0.030973900109529495}
2025-05-16 13:43:18,729 - WARNING - You are saving your model as an HDF5 file via `model.save()` or `keras.saving.save_model(model)`. This file format is considered legacy. We recommend using instead the native Keras format, e.g. `model.save('my_model.keras')` or `keras.saving.save_model(model, 'my_model.keras')`. 
2025-05-16 13:43:18,744 - INFO - Saved LSTM model to models/lstm_site_2000.h5
2025-05-16 13:43:18,744 - INFO - Training GRU model
2025-05-16 13:48:55,494 - INFO - GRU model metrics: {'loss': 0.0019579268991947174, 'mae': 0.0317753441631794}
2025-05-16 13:48:56,047 - WARNING - You are saving your model as an HDF5 file via `model.save()` or `keras.saving.save_model(model)`. This file format is considered legacy. We recommend using instead the native Keras format, e.g. `model.save('my_model.keras')` or `keras.saving.save_model(model, 'my_model.keras')`. 
2025-05-16 13:48:56,053 - INFO - Saved GRU model to models/gru_site_2000.h5
2025-05-16 13:48:56,054 - INFO - Model training completed
2025-05-16 13:51:27,943 - INFO - Starting TBRGS application
2025-05-16 13:51:28,767 - INFO - Built graph with 40 nodes and 1560 edges
2025-05-16 13:51:32,393 - INFO - Starting model training
2025-05-16 13:51:32,393 - INFO - Loading data
2025-05-16 13:51:32,992 - INFO - Found 40 unique sites
2025-05-16 13:51:32,993 - INFO - Training models for site 2825
2025-05-16 13:51:32,994 - INFO - Training LSTM model
2025-05-16 13:52:54,538 - INFO - LSTM model metrics: {'loss': 0.0015204028459265828, 'mae': 0.02972254529595375}
2025-05-16 13:52:54,983 - WARNING - You are saving your model as an HDF5 file via `model.save()` or `keras.saving.save_model(model)`. This file format is considered legacy. We recommend using instead the native Keras format, e.g. `model.save('my_model.keras')` or `keras.saving.save_model(model, 'my_model.keras')`. 
2025-05-16 13:52:54,991 - INFO - Saved LSTM model to models/lstm_site_2825.h5
2025-05-16 13:52:54,992 - INFO - Training GRU model
2025-05-16 13:53:39,598 - INFO - Starting TBRGS application
2025-05-16 13:53:40,426 - INFO - Built graph with 40 nodes and 1560 edges
2025-05-16 13:53:44,292 - INFO - Starting model training
2025-05-16 13:53:44,292 - INFO - Loading data
2025-05-16 13:53:44,860 - INFO - Found 40 unique sites
2025-05-16 13:53:44,860 - INFO - Training models for site 2825
2025-05-16 13:53:44,862 - INFO - Training LSTM model
2025-05-16 13:58:47,108 - INFO - LSTM model metrics: {'loss': 0.0013575167395174503, 'mae': 0.027911588549613953}
2025-05-16 13:58:50,788 - WARNING - You are saving your model as an HDF5 file via `model.save()` or `keras.saving.save_model(model)`. This file format is considered legacy. We recommend using instead the native Keras format, e.g. `model.save('my_model.keras')` or `keras.saving.save_model(model, 'my_model.keras')`. 
2025-05-16 13:58:50,850 - INFO - Saved LSTM model to models/lstm_site_2825.h5
2025-05-16 13:58:50,850 - INFO - Training GRU model
2025-05-16 14:03:19,860 - INFO - GRU model metrics: {'loss': 0.0019077797187492251, 'mae': 0.0333680659532547}
2025-05-16 14:03:22,475 - WARNING - You are saving your model as an HDF5 file via `model.save()` or `keras.saving.save_model(model)`. This file format is considered legacy. We recommend using instead the native Keras format, e.g. `model.save('my_model.keras')` or `keras.saving.save_model(model, 'my_model.keras')`. 
2025-05-16 14:03:22,513 - INFO - Saved GRU model to models/gru_site_2825.h5
2025-05-16 14:03:22,513 - INFO - Model training completed
2025-05-16 14:05:23,063 - INFO - Starting TBRGS application
2025-05-16 14:05:23,901 - INFO - Built graph with 40 nodes and 1560 edges
2025-05-16 14:05:29,490 - INFO - Starting model training
2025-05-16 14:05:29,490 - INFO - Loading data
2025-05-16 14:05:30,071 - INFO - Found 40 unique sites
2025-05-16 14:05:30,071 - INFO - Training models for site 2000
2025-05-16 14:05:30,075 - INFO - Training LSTM model
2025-05-16 14:11:18,821 - INFO - LSTM model metrics: {'loss': 0.0017929873429238796, 'mae': 0.030998872593045235}
2025-05-16 14:11:19,460 - WARNING - You are saving your model as an HDF5 file via `model.save()` or `keras.saving.save_model(model)`. This file format is considered legacy. We recommend using instead the native Keras format, e.g. `model.save('my_model.keras')` or `keras.saving.save_model(model, 'my_model.keras')`. 
2025-05-16 14:11:19,469 - INFO - Saved LSTM model to models/lstm_site_2000.h5
2025-05-16 14:11:19,469 - INFO - Training GRU model
2025-05-16 14:17:54,120 - INFO - GRU model metrics: {'loss': 0.0018854165682569146, 'mae': 0.03184894099831581}
2025-05-16 14:17:54,684 - WARNING - You are saving your model as an HDF5 file via `model.save()` or `keras.saving.save_model(model)`. This file format is considered legacy. We recommend using instead the native Keras format, e.g. `model.save('my_model.keras')` or `keras.saving.save_model(model, 'my_model.keras')`. 
2025-05-16 14:17:54,692 - INFO - Saved GRU model to models/gru_site_2000.h5
2025-05-16 14:17:54,692 - INFO - Model training completed
2025-05-16 14:17:54,733 - ERROR - Error predicting traffic: Input 0 of layer "functional_1" is incompatible with the layer: expected shape=(None, 96, 1), found shape=(32, 12)
2025-05-16 14:20:04,085 - INFO - Starting TBRGS application
2025-05-16 14:20:04,915 - INFO - Built graph with 40 nodes and 1560 edges
2025-05-16 14:20:11,415 - INFO - Starting model training
2025-05-16 14:20:11,416 - INFO - Loading data
2025-05-16 14:20:12,012 - INFO - Found 40 unique sites
2025-05-16 14:20:12,012 - INFO - Training models for site 2820
2025-05-16 14:20:12,015 - INFO - Training LSTM model
2025-05-16 14:22:42,687 - INFO - LSTM model metrics: {'loss': 0.0017744844080880284, 'mae': 0.03035411424934864}
2025-05-16 14:22:43,201 - WARNING - You are saving your model as an HDF5 file via `model.save()` or `keras.saving.save_model(model)`. This file format is considered legacy. We recommend using instead the native Keras format, e.g. `model.save('my_model.keras')` or `keras.saving.save_model(model, 'my_model.keras')`. 
2025-05-16 14:22:43,210 - INFO - Saved LSTM model to models/lstm_site_2820.h5
2025-05-16 14:22:43,210 - INFO - Training GRU model
2025-05-16 14:25:35,974 - INFO - GRU model metrics: {'loss': 0.002383273094892502, 'mae': 0.03398493677377701}
2025-05-16 14:25:36,411 - WARNING - You are saving your model as an HDF5 file via `model.save()` or `keras.saving.save_model(model)`. This file format is considered legacy. We recommend using instead the native Keras format, e.g. `model.save('my_model.keras')` or `keras.saving.save_model(model, 'my_model.keras')`. 
2025-05-16 14:25:36,417 - INFO - Saved GRU model to models/gru_site_2820.h5
2025-05-16 14:25:36,417 - INFO - Model training completed
2025-05-16 14:27:52,263 - INFO - Starting TBRGS application
2025-05-16 14:27:53,099 - INFO - Built graph with 40 nodes and 1560 edges
2025-05-16 14:27:59,047 - INFO - Starting model training
2025-05-16 14:27:59,048 - INFO - Loading data
2025-05-16 14:27:59,628 - INFO - Found 40 unique sites
2025-05-16 14:27:59,628 - INFO - Training models for site 2000
2025-05-16 14:27:59,632 - INFO - Training LSTM model
2025-05-16 14:49:02,581 - INFO - LSTM model metrics: {'loss': 0.0019916414748877287, 'mae': 0.03244057297706604}
2025-05-16 14:49:03,221 - WARNING - You are saving your model as an HDF5 file via `model.save()` or `keras.saving.save_model(model)`. This file format is considered legacy. We recommend using instead the native Keras format, e.g. `model.save('my_model.keras')` or `keras.saving.save_model(model, 'my_model.keras')`. 
2025-05-16 14:49:03,230 - INFO - Saved LSTM model to models/lstm_site_2000.h5
2025-05-16 14:49:03,230 - INFO - Training GRU model
2025-05-16 14:54:43,516 - INFO - GRU model metrics: {'loss': 0.002067130757495761, 'mae': 0.0330524705350399}
2025-05-16 14:54:44,068 - WARNING - You are saving your model as an HDF5 file via `model.save()` or `keras.saving.save_model(model)`. This file format is considered legacy. We recommend using instead the native Keras format, e.g. `model.save('my_model.keras')` or `keras.saving.save_model(model, 'my_model.keras')`. 
2025-05-16 14:54:44,078 - INFO - Saved GRU model to models/gru_site_2000.h5
2025-05-16 14:54:44,078 - INFO - Model training completed
2025-05-16 14:58:26,804 - INFO - Starting TBRGS application
2025-05-16 14:58:27,627 - INFO - Built graph with 40 nodes and 1560 edges
2025-05-16 14:58:34,808 - INFO - Starting model training
2025-05-16 14:58:34,808 - INFO - Loading data
2025-05-16 14:58:35,398 - INFO - Found 40 unique sites
2025-05-16 14:58:35,398 - INFO - Training models for site 2820
2025-05-16 14:58:35,401 - INFO - Training LSTM model
2025-05-16 15:02:13,275 - INFO - LSTM model metrics: {'loss': 0.0021897212136536837, 'mae': 0.03234338015317917}
2025-05-16 15:02:13,900 - WARNING - You are saving your model as an HDF5 file via `model.save()` or `keras.saving.save_model(model)`. This file format is considered legacy. We recommend using instead the native Keras format, e.g. `model.save('my_model.keras')` or `keras.saving.save_model(model, 'my_model.keras')`. 
2025-05-16 15:02:13,910 - INFO - Saved LSTM model to models/lstm_site_2820.h5
2025-05-16 15:02:13,910 - INFO - Training GRU model
2025-05-16 15:05:56,301 - INFO - GRU model metrics: {'loss': 0.002188956132158637, 'mae': 0.032485898584127426}
2025-05-16 15:05:56,813 - WARNING - You are saving your model as an HDF5 file via `model.save()` or `keras.saving.save_model(model)`. This file format is considered legacy. We recommend using instead the native Keras format, e.g. `model.save('my_model.keras')` or `keras.saving.save_model(model, 'my_model.keras')`. 
2025-05-16 15:05:56,822 - INFO - Saved GRU model to models/gru_site_2820.h5
2025-05-16 15:05:56,823 - INFO - Model training completed
2025-05-16 15:33:05,413 - INFO - Starting TBRGS application
2025-05-16 15:33:06,270 - INFO - Built graph with 40 nodes and 1560 edges
2025-05-16 15:34:19,826 - INFO - Starting TBRGS application
2025-05-16 15:34:20,672 - INFO - Built graph with 40 nodes and 1560 edges
2025-05-16 15:35:39,524 - INFO - Starting TBRGS application
2025-05-16 15:35:40,373 - INFO - Built graph with 40 nodes and 1560 edges
2025-05-16 15:38:54,324 - INFO - Starting TBRGS application
2025-05-16 15:38:55,163 - INFO - Built graph with 40 nodes and 1560 edges
2025-05-16 15:41:33,905 - INFO - Starting TBRGS application
2025-05-16 15:41:34,733 - INFO - Built graph with 40 nodes and 1560 edges
2025-05-16 15:43:15,194 - INFO - Starting TBRGS application
2025-05-16 15:43:16,074 - INFO - Built graph with 40 nodes and 1560 edges
2025-05-16 15:43:54,588 - INFO - Starting model training
2025-05-16 15:43:54,590 - INFO - Loading data
2025-05-16 15:43:55,156 - INFO - Found 40 unique sites
2025-05-16 15:43:55,156 - INFO - Training models for site 2000
2025-05-16 15:43:55,161 - INFO - Training LSTM model
2025-05-16 15:48:43,781 - INFO - LSTM model metrics: {'loss': 0.002316252561286092, 'mae': 0.03485550358891487}
2025-05-16 15:48:44,445 - WARNING - You are saving your model as an HDF5 file via `model.save()` or `keras.saving.save_model(model)`. This file format is considered legacy. We recommend using instead the native Keras format, e.g. `model.save('my_model.keras')` or `keras.saving.save_model(model, 'my_model.keras')`. 
2025-05-16 15:48:44,459 - INFO - Saved LSTM model to models/lstm_site_2000.h5
2025-05-16 15:48:44,459 - INFO - Training GRU model
2025-05-16 15:54:21,302 - INFO - GRU model metrics: {'loss': 0.0020558605901896954, 'mae': 0.03229520842432976}
2025-05-16 15:54:21,835 - WARNING - You are saving your model as an HDF5 file via `model.save()` or `keras.saving.save_model(model)`. This file format is considered legacy. We recommend using instead the native Keras format, e.g. `model.save('my_model.keras')` or `keras.saving.save_model(model, 'my_model.keras')`. 
2025-05-16 15:54:21,844 - INFO - Saved GRU model to models/gru_site_2000.h5
2025-05-16 15:54:21,844 - INFO - Model training completed
2025-05-16 21:09:18,753 - INFO - Starting TBRGS application
2025-05-16 21:09:21,221 - INFO - Built graph with 40 nodes and 1560 edges
2025-05-16 21:12:14,445 - INFO - Starting TBRGS application
2025-05-16 21:12:15,269 - INFO - Built graph with 40 nodes and 1560 edges
2025-05-16 21:17:12,937 - INFO - Starting TBRGS application
2025-05-16 21:17:13,814 - INFO - Built graph with 40 nodes and 1560 edges
2025-05-16 21:17:20,059 - INFO - Starting model training
2025-05-16 21:17:20,059 - INFO - Loading data
2025-05-16 21:17:20,638 - INFO - Found 40 unique sites
2025-05-16 21:17:20,638 - INFO - Training models for site 2000
2025-05-16 21:17:20,643 - INFO - Training LSTM model
2025-05-16 21:18:46,900 - ERROR - Error during model training: wrapped C/C++ object of type TrainingProgress has been deleted
2025-05-16 21:18:53,579 - INFO - Starting TBRGS application
2025-05-16 21:18:54,463 - INFO - Built graph with 40 nodes and 1560 edges
2025-05-16 21:18:58,169 - INFO - Starting model training
2025-05-16 21:18:58,169 - INFO - Loading data
2025-05-16 21:18:58,732 - INFO - Found 40 unique sites
2025-05-16 21:18:58,732 - INFO - Training models for site 2000
2025-05-16 21:18:58,736 - INFO - Training LSTM model
2025-05-16 21:19:02,596 - INFO - Starting model training
2025-05-16 21:19:02,597 - INFO - Loading data
2025-05-16 21:19:03,339 - INFO - Found 40 unique sites
2025-05-16 21:19:03,339 - INFO - Training models for site 2000
2025-05-16 21:19:03,343 - INFO - Training LSTM model
2025-05-16 21:21:28,392 - ERROR - Error during model training: wrapped C/C++ object of type TrainingProgress has been deleted
2025-05-16 21:21:29,843 - ERROR - Error during model training: wrapped C/C++ object of type TrainingProgress has been deleted
2025-05-16 21:21:39,660 - INFO - Starting TBRGS application
2025-05-16 21:21:40,592 - INFO - Built graph with 40 nodes and 1560 edges
2025-05-16 21:21:43,948 - INFO - Starting model training
2025-05-16 21:21:43,948 - INFO - Loading data
2025-05-16 21:21:44,508 - INFO - Found 40 unique sites
2025-05-16 21:21:44,508 - INFO - Training models for site 2000
2025-05-16 21:21:44,512 - INFO - Training LSTM model
2025-05-16 21:23:16,110 - ERROR - Error during model training: wrapped C/C++ object of type TrainingProgress has been deleted
2025-05-16 21:23:57,707 - INFO - Starting TBRGS application
2025-05-16 21:23:58,719 - INFO - Built graph with 40 nodes and 1560 edges
2025-05-16 21:24:06,433 - INFO - Starting model training
2025-05-16 21:24:06,433 - INFO - Loading data
2025-05-16 21:24:07,030 - INFO - Found 40 unique sites
2025-05-16 21:24:07,030 - INFO - Training models for site 2000
2025-05-16 21:24:07,035 - INFO - Training LSTM model
2025-05-16 21:29:08,917 - INFO - LSTM model metrics: {'loss': 0.0018588133389130235, 'mae': 0.03142041340470314}
2025-05-16 21:29:09,460 - WARNING - You are saving your model as an HDF5 file via `model.save()` or `keras.saving.save_model(model)`. This file format is considered legacy. We recommend using instead the native Keras format, e.g. `model.save('my_model.keras')` or `keras.saving.save_model(model, 'my_model.keras')`. 
2025-05-16 21:29:09,477 - INFO - Saved LSTM model to models/lstm_site_2000.h5
2025-05-16 21:29:09,477 - INFO - Training GRU model
2025-05-16 21:35:02,733 - INFO - GRU model metrics: {'loss': 0.002269052667543292, 'mae': 0.0340113639831543}
2025-05-16 21:35:03,279 - WARNING - You are saving your model as an HDF5 file via `model.save()` or `keras.saving.save_model(model)`. This file format is considered legacy. We recommend using instead the native Keras format, e.g. `model.save('my_model.keras')` or `keras.saving.save_model(model, 'my_model.keras')`. 
2025-05-16 21:35:03,287 - INFO - Saved GRU model to models/gru_site_2000.h5
2025-05-16 21:35:03,287 - INFO - Model training completed
2025-05-16 21:36:54,202 - INFO - Starting TBRGS application
2025-05-16 21:36:55,078 - INFO - Built graph with 40 nodes and 1560 edges
2025-05-16 21:38:55,913 - INFO - Starting TBRGS application
2025-05-16 21:38:56,774 - INFO - Built graph with 40 nodes and 1560 edges
2025-05-16 21:40:16,423 - INFO - Starting TBRGS application
2025-05-16 21:40:17,310 - INFO - Built graph with 40 nodes and 1560 edges
2025-05-16 21:41:43,689 - INFO - Starting TBRGS application
2025-05-16 21:41:44,568 - INFO - Built graph with 40 nodes and 1560 edges
2025-05-16 21:43:28,913 - INFO - Starting TBRGS application
2025-05-16 21:43:29,795 - INFO - Built graph with 40 nodes and 1560 edges
2025-05-16 21:43:52,115 - INFO - Starting model training
2025-05-16 21:43:52,116 - INFO - Loading data
2025-05-16 21:43:52,687 - INFO - Found 40 unique sites
2025-05-16 21:43:52,688 - INFO - Training models for site 2000
2025-05-16 21:43:52,692 - INFO - Training LSTM model
2025-05-16 21:46:49,263 - ERROR - Error during model training: wrapped C/C++ object of type TrainingProgress has been deleted
2025-05-16 21:46:56,661 - INFO - Starting TBRGS application
2025-05-16 21:46:57,640 - INFO - Built graph with 40 nodes and 1560 edges
2025-05-16 21:48:46,980 - INFO - Starting TBRGS application
2025-05-16 21:48:47,888 - INFO - Built graph with 40 nodes and 1560 edges
2025-05-16 21:51:37,051 - INFO - Starting TBRGS application
2025-05-16 21:51:37,944 - INFO - Built graph with 40 nodes and 1560 edges
2025-05-16 21:51:57,328 - INFO - Starting model training
2025-05-16 21:51:57,328 - INFO - Loading data
2025-05-16 21:51:57,917 - INFO - Found 40 unique sites
2025-05-16 21:51:57,918 - INFO - Training models for site 2000
2025-05-16 21:51:57,922 - INFO - Training LSTM model
2025-05-16 21:54:37,753 - ERROR - Error during model training: wrapped C/C++ object of type TrainingProgress has been deleted
2025-05-16 21:54:55,142 - INFO - Starting TBRGS application
2025-05-16 21:54:56,043 - INFO - Built graph with 40 nodes and 1560 edges
2025-05-16 21:57:18,601 - INFO - Starting TBRGS application
2025-05-16 21:57:19,489 - INFO - Built graph with 40 nodes and 1560 edges
2025-05-16 21:59:41,126 - INFO - Starting TBRGS application
2025-05-16 21:59:42,016 - INFO - Built graph with 40 nodes and 1560 edges
2025-05-16 22:01:39,107 - INFO - Starting TBRGS application
2025-05-16 22:01:40,031 - INFO - Built graph with 40 nodes and 1560 edges
2025-05-16 22:04:15,900 - INFO - Starting TBRGS application
2025-05-16 22:04:16,818 - INFO - Built graph with 40 nodes and 1560 edges
2025-05-16 22:06:29,870 - INFO - Starting TBRGS application
2025-05-16 22:06:30,762 - INFO - Built graph with 40 nodes and 1560 edges
2025-05-16 22:08:12,133 - INFO - Starting TBRGS application
2025-05-16 22:08:13,027 - INFO - Built graph with 40 nodes and 1560 edges
2025-05-16 22:09:42,021 - INFO - Starting TBRGS application
2025-05-16 22:09:42,879 - INFO - Built graph with 40 nodes and 1560 edges
2025-05-16 22:11:05,009 - INFO - Starting TBRGS application
2025-05-16 22:11:05,899 - INFO - Built graph with 40 nodes and 1560 edges
2025-05-16 22:18:00,130 - INFO - Starting TBRGS application
2025-05-16 22:18:01,039 - INFO - Built graph with 40 nodes and 1560 edges
2025-05-16 22:20:14,198 - INFO - Starting TBRGS application
2025-05-16 22:20:15,112 - INFO - Built graph with 40 nodes and 1560 edges
2025-05-16 22:29:00,615 - INFO - Starting TBRGS application
2025-05-16 22:29:01,506 - INFO - Built graph with 40 nodes and 1560 edges
2025-05-16 22:29:07,820 - INFO - Starting model training
2025-05-16 22:29:07,820 - INFO - Loading data
2025-05-16 22:29:08,396 - INFO - Found 40 unique sites
2025-05-16 22:29:08,396 - INFO - Training models for site 2000
2025-05-16 22:29:08,400 - INFO - Training LSTM model
2025-05-16 22:30:40,294 - ERROR - Error during model training: wrapped C/C++ object of type TrainingProgress has been deleted
2025-05-16 22:30:50,285 - INFO - Starting TBRGS application
2025-05-16 22:30:51,261 - INFO - Built graph with 40 nodes and 1560 edges
2025-05-16 22:35:08,785 - INFO - Starting TBRGS application
2025-05-16 22:35:09,760 - INFO - Built graph with 40 nodes and 1560 edges
2025-05-16 22:41:41,523 - INFO - Starting model training
2025-05-16 22:41:41,524 - INFO - Loading data
2025-05-16 22:41:42,129 - INFO - Found 40 unique sites
2025-05-16 22:41:42,129 - INFO - Training models for site 2000
2025-05-16 22:41:42,134 - INFO - Training LSTM model
2025-05-16 22:42:36,163 - ERROR - Error during model training: wrapped C/C++ object of type TrainingProgress has been deleted
2025-05-16 22:43:22,060 - INFO - Starting TBRGS application
2025-05-16 22:43:22,998 - INFO - Built graph with 40 nodes and 1560 edges
2025-05-16 22:44:11,895 - INFO - Starting TBRGS application
2025-05-16 22:44:12,761 - INFO - Built graph with 40 nodes and 1560 edges
2025-05-16 22:45:11,742 - INFO - Starting TBRGS application
2025-05-16 22:45:12,613 - INFO - Built graph with 40 nodes and 1560 edges
2025-05-16 22:47:13,070 - INFO - Starting TBRGS application
2025-05-16 22:47:13,943 - INFO - Built graph with 40 nodes and 1560 edges
2025-05-16 22:49:41,240 - INFO - Starting TBRGS application
2025-05-16 22:49:42,129 - INFO - Built graph with 40 nodes and 1560 edges
2025-05-16 22:53:06,933 - INFO - Starting TBRGS application
2025-05-16 22:53:07,809 - INFO - Built graph with 40 nodes and 1560 edges
2025-05-16 22:56:03,099 - INFO - Starting TBRGS application
2025-05-16 22:56:03,990 - INFO - Built graph with 40 nodes and 1560 edges
2025-05-16 22:58:04,121 - INFO - Starting TBRGS application
2025-05-16 22:58:04,990 - INFO - Built graph with 40 nodes and 1560 edges
2025-05-16 23:00:03,382 - INFO - Starting TBRGS application
2025-05-16 23:00:04,264 - INFO - Built graph with 40 nodes and 1560 edges
2025-05-16 23:03:06,721 - INFO - Starting TBRGS application
2025-05-16 23:03:07,612 - INFO - Built graph with 40 nodes and 1560 edges
2025-05-16 23:05:34,814 - INFO - Starting TBRGS application
2025-05-16 23:05:35,682 - INFO - Built graph with 40 nodes and 1560 edges
2025-05-16 23:07:20,417 - INFO - Starting TBRGS application
2025-05-16 23:07:21,281 - INFO - Built graph with 40 nodes and 1560 edges
2025-05-16 23:10:55,418 - INFO - Starting TBRGS application
2025-05-16 23:10:56,310 - INFO - Built graph with 40 nodes and 1560 edges
2025-05-16 23:15:11,146 - INFO - Starting TBRGS application
2025-05-16 23:15:11,387 - ERROR - Application error: Missing optional dependency 'xlrd'. Install xlrd >= 2.0.1 for xls Excel support Use pip or conda to install xlrd.
2025-05-16 23:15:21,019 - INFO - Starting TBRGS application
2025-05-16 23:15:21,221 - ERROR - Application error: Missing optional dependency 'xlrd'. Install xlrd >= 2.0.1 for xls Excel support Use pip or conda to install xlrd.
2025-05-16 23:16:32,223 - INFO - Starting TBRGS application
2025-05-16 23:16:32,542 - ERROR - Application error: Missing optional dependency 'xlrd'. Install xlrd >= 2.0.1 for xls Excel support Use pip or conda to install xlrd.
2025-05-16 23:17:07,729 - INFO - Starting TBRGS application
2025-05-16 23:17:08,057 - ERROR - Application error: Missing optional dependency 'xlrd'. Install xlrd >= 2.0.1 for xls Excel support Use pip or conda to install xlrd.
2025-05-16 23:17:43,841 - INFO - Starting TBRGS application
2025-05-16 23:17:44,175 - ERROR - Application error: Missing optional dependency 'xlrd'. Install xlrd >= 2.0.1 for xls Excel support Use pip or conda to install xlrd.
2025-05-16 23:18:38,319 - INFO - Starting TBRGS application
2025-05-16 23:18:38,637 - ERROR - Application error: Missing optional dependency 'xlrd'. Install xlrd >= 2.0.1 for xls Excel support Use pip or conda to install xlrd.
2025-05-16 23:19:19,738 - INFO - Starting TBRGS application
2025-05-16 23:19:20,032 - ERROR - Application error: Missing optional dependency 'xlrd'. Install xlrd >= 2.0.1 for xls Excel support Use pip or conda to install xlrd.
2025-05-16 23:19:44,144 - INFO - Starting TBRGS application
2025-05-16 23:19:44,522 - ERROR - Application error: 
2025-05-16 23:20:25,799 - INFO - Starting TBRGS application
2025-05-16 23:21:19,605 - INFO - Starting TBRGS application
2025-05-16 23:34:06,794 - INFO - Starting TBRGS application
2025-05-16 23:34:07,007 - ERROR - Application error: Pandas requires version '2.0.1' or newer of 'xlrd' (version '1.2.0' currently installed).
2025-05-16 23:34:21,433 - INFO - Starting TBRGS application
2025-05-16 23:34:21,631 - ERROR - Application error: Pandas requires version '2.0.1' or newer of 'xlrd' (version '1.2.0' currently installed).
2025-05-16 23:34:50,329 - INFO - Starting TBRGS application
2025-05-16 23:34:50,528 - ERROR - Application error: Pandas requires version '2.0.1' or newer of 'xlrd' (version '1.2.0' currently installed).
2025-05-16 23:35:36,674 - INFO - Starting TBRGS application
2025-05-16 23:35:36,902 - ERROR - Application error: Pandas requires version '2.0.1' or newer of 'xlrd' (version '1.2.0' currently installed).
2025-05-16 23:36:16,022 - INFO - Starting TBRGS application
2025-05-16 23:36:16,580 - ERROR - Error initializing map: 'Latitude'
2025-05-16 23:41:50,541 - INFO - Starting TBRGS application
2025-05-16 23:41:51,095 - ERROR - Error initializing map: 'Latitude'
2025-05-16 23:44:41,227 - INFO - Starting TBRGS application
2025-05-16 23:44:42,292 - ERROR - Application error: Missing optional dependency 'xlrd'. Install xlrd >= 2.0.1 for xls Excel support Use pip or conda to install xlrd.
2025-05-16 23:54:02,811 - INFO - Starting TBRGS application
2025-05-16 23:54:03,394 - ERROR - Error initializing map: 'Latitude'
2025-05-17 00:16:50,635 - INFO - Built graph with 40 nodes and 58 edges
