2025-05-15 22:02:16,180 - INFO - Starting TBRGS application
2025-05-15 22:02:16,492 - ERROR - Application error: Config file not found: /Users/yaxzyra/Documents/University/Introduction_to_AI/Traffic_Assignment/config.json
2025-05-15 22:02:24,231 - INFO - Starting TBRGS application
2025-05-15 22:02:24,431 - ERROR - Application error: Config file not found: /Users/yaxzyra/Documents/University/Introduction_to_AI/Traffic_Assignment/config.json
2025-05-15 22:03:24,401 - INFO - Starting TBRGS application
2025-05-15 22:03:25,083 - ERROR - Application error: Config file not found: /Users/yaxzyra/Documents/University/Introduction_to_AI/Traffic_Assignment/config.json
2025-05-15 22:04:09,341 - INFO - Starting TBRGS application
2025-05-15 22:04:09,852 - ERROR - Error initializing map: Index(['SCATS_SITE'], dtype='object')
2025-05-15 22:10:18,898 - INFO - Starting TBRGS application
2025-05-15 22:10:19,410 - ERROR - Error initializing map: Index(['TFM_ID'], dtype='object')
2025-05-15 22:11:57,434 - INFO - Starting TBRGS application
2025-05-15 22:11:57,921 - ERROR - Error initializing map: Index(['TFM_ID'], dtype='object')
2025-05-15 22:15:29,777 - INFO - Starting TBRGS application
2025-05-15 22:15:30,436 - INFO - Initialized 139 sites
2025-05-15 22:15:36,366 - ERROR - Error finding routes: single positional indexer is out-of-bounds
2025-05-15 22:16:09,524 - INFO - Starting TBRGS application
2025-05-15 22:16:10,068 - INFO - Initialized 139 sites
2025-05-15 22:17:20,279 - INFO - Starting TBRGS application
2025-05-15 22:17:20,813 - INFO - Available site IDs: ['970', '970', '970', '970', '2000', '2000', '2000', '2000', '2200', '2200', '2200', '2200', '2820', '2820', '2825', '2827', '2827', '2827', '2827', '2846', '2846', '2846', '2846', '3001', '3001', '3001', '3001', '3002', '3002', '3002', '3002', '3120', '3120', '3120', '3120', '3122', '3122', '3122', '3126', '3126', '3126', '3127', '3127', '3127', '3180', '3180', '3180', '3662', '3662', '3662', '3662', '3682', '3682', '3682', '3682', '3685', '3685', '3685', '3804', '3804', '3804', '3804', '3812', '3812', '3812', '3812', '4030', '4030', '4030', '4032', '4032', '4032', '4032', '4034', '4034', '4034', '4034', '4035', '4035', '4035', '4035', '4040', '4040', '4040', '4040', '4040', '4040', '4043', '4043', '4043', '4043', '4051', '4051', '4051', '4057', '4057', '4057', '4057', '4063', '4063', '4063', '4063', '4262', '4263', '4263', '4263', '4263', '4264', '4264', '4264', '4264', '4266', '4266', '4266', '4266', '4270', '4270', '4270', '4270', '4272', '4272', '4272', '4273', '4273', '4321', '4321', '4321', '4321', '4324', '4324', '4324', '4335', '4812', '4812', '4812', '4821', '4821', '4821', '4821']
2025-05-15 22:17:20,814 - INFO - Initialized 139 sites
2025-05-15 22:18:22,840 - INFO - Starting TBRGS application
2025-05-15 22:18:23,388 - INFO - Available site IDs: ['970', '970', '970', '970', '2000', '2000', '2000', '2000', '2200', '2200', '2200', '2200', '2820', '2820', '2825', '2827', '2827', '2827', '2827', '2846', '2846', '2846', '2846', '3001', '3001', '3001', '3001', '3002', '3002', '3002', '3002', '3120', '3120', '3120', '3120', '3122', '3122', '3122', '3126', '3126', '3126', '3127', '3127', '3127', '3180', '3180', '3180', '3662', '3662', '3662', '3662', '3682', '3682', '3682', '3682', '3685', '3685', '3685', '3804', '3804', '3804', '3804', '3812', '3812', '3812', '3812', '4030', '4030', '4030', '4032', '4032', '4032', '4032', '4034', '4034', '4034', '4034', '4035', '4035', '4035', '4035', '4040', '4040', '4040', '4040', '4040', '4040', '4043', '4043', '4043', '4043', '4051', '4051', '4051', '4057', '4057', '4057', '4057', '4063', '4063', '4063', '4063', '4262', '4263', '4263', '4263', '4263', '4264', '4264', '4264', '4264', '4266', '4266', '4266', '4266', '4270', '4270', '4270', '4270', '4272', '4272', '4272', '4273', '4273', '4321', '4321', '4321', '4321', '4324', '4324', '4324', '4335', '4812', '4812', '4812', '4821', '4821', '4821', '4821']
2025-05-15 22:18:23,389 - INFO - Initialized 139 sites
2025-05-15 22:19:24,877 - INFO - Starting TBRGS application
2025-05-15 22:19:25,404 - INFO - Available site IDs: ['970', '970', '970', '970', '2000', '2000', '2000', '2000', '2200', '2200', '2200', '2200', '2820', '2820', '2825', '2827', '2827', '2827', '2827', '2846', '2846', '2846', '2846', '3001', '3001', '3001', '3001', '3002', '3002', '3002', '3002', '3120', '3120', '3120', '3120', '3122', '3122', '3122', '3126', '3126', '3126', '3127', '3127', '3127', '3180', '3180', '3180', '3662', '3662', '3662', '3662', '3682', '3682', '3682', '3682', '3685', '3685', '3685', '3804', '3804', '3804', '3804', '3812', '3812', '3812', '3812', '4030', '4030', '4030', '4032', '4032', '4032', '4032', '4034', '4034', '4034', '4034', '4035', '4035', '4035', '4035', '4040', '4040', '4040', '4040', '4040', '4040', '4043', '4043', '4043', '4043', '4051', '4051', '4051', '4057', '4057', '4057', '4057', '4063', '4063', '4063', '4063', '4262', '4263', '4263', '4263', '4263', '4264', '4264', '4264', '4264', '4266', '4266', '4266', '4266', '4270', '4270', '4270', '4270', '4272', '4272', '4272', '4273', '4273', '4321', '4321', '4321', '4321', '4324', '4324', '4324', '4335', '4812', '4812', '4812', '4821', '4821', '4821', '4821']
2025-05-15 22:19:25,405 - INFO - Initialized 139 sites
2025-05-15 22:19:41,059 - INFO - Starting model training
2025-05-15 22:19:41,059 - INFO - Loading data
2025-05-15 22:19:41,379 - INFO - Training models for site 2825
2025-05-15 22:21:13,985 - INFO - Starting TBRGS application
2025-05-15 22:21:14,527 - INFO - Available site IDs: ['970', '970', '970', '970', '2000', '2000', '2000', '2000', '2200', '2200', '2200', '2200', '2820', '2820', '2825', '2827', '2827', '2827', '2827', '2846', '2846', '2846', '2846', '3001', '3001', '3001', '3001', '3002', '3002', '3002', '3002', '3120', '3120', '3120', '3120', '3122', '3122', '3122', '3126', '3126', '3126', '3127', '3127', '3127', '3180', '3180', '3180', '3662', '3662', '3662', '3662', '3682', '3682', '3682', '3682', '3685', '3685', '3685', '3804', '3804', '3804', '3804', '3812', '3812', '3812', '3812', '4030', '4030', '4030', '4032', '4032', '4032', '4032', '4034', '4034', '4034', '4034', '4035', '4035', '4035', '4035', '4040', '4040', '4040', '4040', '4040', '4040', '4043', '4043', '4043', '4043', '4051', '4051', '4051', '4057', '4057', '4057', '4057', '4063', '4063', '4063', '4063', '4262', '4263', '4263', '4263', '4263', '4264', '4264', '4264', '4264', '4266', '4266', '4266', '4266', '4270', '4270', '4270', '4270', '4272', '4272', '4272', '4273', '4273', '4321', '4321', '4321', '4321', '4324', '4324', '4324', '4335', '4812', '4812', '4812', '4821', '4821', '4821', '4821']
2025-05-15 22:21:14,527 - INFO - Initialized 139 sites
2025-05-15 22:21:20,391 - INFO - Starting model training
2025-05-15 22:21:20,391 - INFO - Loading data
2025-05-15 22:21:20,709 - INFO - Training models for site 2000
2025-05-15 22:22:18,185 - INFO - Starting TBRGS application
2025-05-15 22:22:18,717 - INFO - Available site IDs: ['970', '970', '970', '970', '2000', '2000', '2000', '2000', '2200', '2200', '2200', '2200', '2820', '2820', '2825', '2827', '2827', '2827', '2827', '2846', '2846', '2846', '2846', '3001', '3001', '3001', '3001', '3002', '3002', '3002', '3002', '3120', '3120', '3120', '3120', '3122', '3122', '3122', '3126', '3126', '3126', '3127', '3127', '3127', '3180', '3180', '3180', '3662', '3662', '3662', '3662', '3682', '3682', '3682', '3682', '3685', '3685', '3685', '3804', '3804', '3804', '3804', '3812', '3812', '3812', '3812', '4030', '4030', '4030', '4032', '4032', '4032', '4032', '4034', '4034', '4034', '4034', '4035', '4035', '4035', '4035', '4040', '4040', '4040', '4040', '4040', '4040', '4043', '4043', '4043', '4043', '4051', '4051', '4051', '4057', '4057', '4057', '4057', '4063', '4063', '4063', '4063', '4262', '4263', '4263', '4263', '4263', '4264', '4264', '4264', '4264', '4266', '4266', '4266', '4266', '4270', '4270', '4270', '4270', '4272', '4272', '4272', '4273', '4273', '4321', '4321', '4321', '4321', '4324', '4324', '4324', '4335', '4812', '4812', '4812', '4821', '4821', '4821', '4821']
2025-05-15 22:22:18,718 - INFO - Initialized 139 sites
2025-05-15 22:22:39,441 - INFO - Starting model training
2025-05-15 22:22:39,442 - INFO - Loading data
2025-05-15 22:22:39,754 - INFO - Found 40 unique sites
2025-05-15 22:22:39,754 - INFO - Training models for site 2827
2025-05-15 22:22:39,761 - INFO - Training LSTM model
2025-05-15 22:25:44,649 - INFO - LSTM model metrics: [0.001426201080903411, 0.0280359648168087]
2025-05-15 22:25:44,650 - WARNING - You are saving your model as an HDF5 file via `model.save()` or `keras.saving.save_model(model)`. This file format is considered legacy. We recommend using instead the native Keras format, e.g. `model.save('my_model.keras')` or `keras.saving.save_model(model, 'my_model.keras')`. 
2025-05-15 22:25:44,666 - INFO - Saved LSTM model to models/lstm_site_2827.h5
2025-05-15 22:25:44,666 - INFO - Training GRU model
2025-05-15 22:25:44,666 - ERROR - Error during model training: BaseModel.__init__() takes 1 positional argument but 2 were given
2025-05-15 22:30:56,055 - INFO - Starting TBRGS application
2025-05-15 22:30:56,592 - INFO - Available site IDs: ['970', '970', '970', '970', '2000', '2000', '2000', '2000', '2200', '2200', '2200', '2200', '2820', '2820', '2825', '2827', '2827', '2827', '2827', '2846', '2846', '2846', '2846', '3001', '3001', '3001', '3001', '3002', '3002', '3002', '3002', '3120', '3120', '3120', '3120', '3122', '3122', '3122', '3126', '3126', '3126', '3127', '3127', '3127', '3180', '3180', '3180', '3662', '3662', '3662', '3662', '3682', '3682', '3682', '3682', '3685', '3685', '3685', '3804', '3804', '3804', '3804', '3812', '3812', '3812', '3812', '4030', '4030', '4030', '4032', '4032', '4032', '4032', '4034', '4034', '4034', '4034', '4035', '4035', '4035', '4035', '4040', '4040', '4040', '4040', '4040', '4040', '4043', '4043', '4043', '4043', '4051', '4051', '4051', '4057', '4057', '4057', '4057', '4063', '4063', '4063', '4063', '4262', '4263', '4263', '4263', '4263', '4264', '4264', '4264', '4264', '4266', '4266', '4266', '4266', '4270', '4270', '4270', '4270', '4272', '4272', '4272', '4273', '4273', '4321', '4321', '4321', '4321', '4324', '4324', '4324', '4335', '4812', '4812', '4812', '4821', '4821', '4821', '4821']
2025-05-15 22:30:56,592 - INFO - Initialized 139 sites
2025-05-15 22:43:22,897 - INFO - Starting model training
2025-05-15 22:43:22,898 - INFO - Loading data
2025-05-15 22:43:23,225 - INFO - Found 40 unique sites
2025-05-15 22:43:23,225 - INFO - Training models for site 2000
2025-05-15 22:43:23,231 - INFO - Training LSTM model
2025-05-15 22:45:47,299 - INFO - LSTM model metrics: [0.0018921924056485295, 0.03136269003152847]
2025-05-15 22:45:47,300 - WARNING - You are saving your model as an HDF5 file via `model.save()` or `keras.saving.save_model(model)`. This file format is considered legacy. We recommend using instead the native Keras format, e.g. `model.save('my_model.keras')` or `keras.saving.save_model(model, 'my_model.keras')`. 
2025-05-15 22:45:47,307 - INFO - Saved LSTM model to models/lstm_site_2000.h5
2025-05-15 22:45:47,307 - INFO - Training GRU model
2025-05-15 22:51:20,769 - ERROR - Error during model training: 'GRUModel' object has no attribute 'evaluate'
2025-05-15 22:52:17,886 - INFO - Starting TBRGS application
2025-05-15 22:52:18,446 - INFO - Available site IDs: ['970', '970', '970', '970', '2000', '2000', '2000', '2000', '2200', '2200', '2200', '2200', '2820', '2820', '2825', '2827', '2827', '2827', '2827', '2846', '2846', '2846', '2846', '3001', '3001', '3001', '3001', '3002', '3002', '3002', '3002', '3120', '3120', '3120', '3120', '3122', '3122', '3122', '3126', '3126', '3126', '3127', '3127', '3127', '3180', '3180', '3180', '3662', '3662', '3662', '3662', '3682', '3682', '3682', '3682', '3685', '3685', '3685', '3804', '3804', '3804', '3804', '3812', '3812', '3812', '3812', '4030', '4030', '4030', '4032', '4032', '4032', '4032', '4034', '4034', '4034', '4034', '4035', '4035', '4035', '4035', '4040', '4040', '4040', '4040', '4040', '4040', '4043', '4043', '4043', '4043', '4051', '4051', '4051', '4057', '4057', '4057', '4057', '4063', '4063', '4063', '4063', '4262', '4263', '4263', '4263', '4263', '4264', '4264', '4264', '4264', '4266', '4266', '4266', '4266', '4270', '4270', '4270', '4270', '4272', '4272', '4272', '4273', '4273', '4321', '4321', '4321', '4321', '4324', '4324', '4324', '4335', '4812', '4812', '4812', '4821', '4821', '4821', '4821']
2025-05-15 22:52:18,446 - INFO - Initialized 139 sites
2025-05-15 22:52:23,968 - INFO - Starting model training
2025-05-15 22:52:23,968 - INFO - Loading data
2025-05-15 22:52:24,290 - INFO - Found 40 unique sites
2025-05-15 22:52:24,290 - INFO - Training models for site 2000
2025-05-15 22:52:24,296 - INFO - Training LSTM model
2025-05-15 22:56:06,447 - INFO - LSTM model metrics: [0.0019066986860707402, 0.03218669816851616]
2025-05-15 22:56:06,447 - WARNING - You are saving your model as an HDF5 file via `model.save()` or `keras.saving.save_model(model)`. This file format is considered legacy. We recommend using instead the native Keras format, e.g. `model.save('my_model.keras')` or `keras.saving.save_model(model, 'my_model.keras')`. 
2025-05-15 22:56:06,454 - INFO - Saved LSTM model to models/lstm_site_2000.h5
2025-05-15 22:56:06,454 - INFO - Training GRU model
2025-05-15 23:01:42,711 - INFO - GRU model metrics: {'loss': 0.001855788636021316, 'mae': 0.03099057637155056}
2025-05-15 23:01:42,711 - WARNING - You are saving your model as an HDF5 file via `model.save()` or `keras.saving.save_model(model)`. This file format is considered legacy. We recommend using instead the native Keras format, e.g. `model.save('my_model.keras')` or `keras.saving.save_model(model, 'my_model.keras')`. 
2025-05-15 23:01:42,718 - INFO - Saved GRU model to models/gru_site_2000.h5
2025-05-15 23:01:42,718 - INFO - Model training completed
2025-05-15 23:02:21,895 - INFO - Starting TBRGS application
2025-05-15 23:02:22,453 - INFO - Available site IDs: ['970', '970', '970', '970', '2000', '2000', '2000', '2000', '2200', '2200', '2200', '2200', '2820', '2820', '2825', '2827', '2827', '2827', '2827', '2846', '2846', '2846', '2846', '3001', '3001', '3001', '3001', '3002', '3002', '3002', '3002', '3120', '3120', '3120', '3120', '3122', '3122', '3122', '3126', '3126', '3126', '3127', '3127', '3127', '3180', '3180', '3180', '3662', '3662', '3662', '3662', '3682', '3682', '3682', '3682', '3685', '3685', '3685', '3804', '3804', '3804', '3804', '3812', '3812', '3812', '3812', '4030', '4030', '4030', '4032', '4032', '4032', '4032', '4034', '4034', '4034', '4034', '4035', '4035', '4035', '4035', '4040', '4040', '4040', '4040', '4040', '4040', '4043', '4043', '4043', '4043', '4051', '4051', '4051', '4057', '4057', '4057', '4057', '4063', '4063', '4063', '4063', '4262', '4263', '4263', '4263', '4263', '4264', '4264', '4264', '4264', '4266', '4266', '4266', '4266', '4270', '4270', '4270', '4270', '4272', '4272', '4272', '4273', '4273', '4321', '4321', '4321', '4321', '4324', '4324', '4324', '4335', '4812', '4812', '4812', '4821', '4821', '4821', '4821']
2025-05-15 23:02:22,454 - INFO - Initialized 139 sites
2025-05-15 23:02:26,972 - INFO - Starting model training
2025-05-15 23:02:26,972 - INFO - Loading data
2025-05-15 23:02:27,293 - INFO - Found 40 unique sites
2025-05-15 23:02:27,293 - INFO - Training models for site 2000
2025-05-15 23:02:27,300 - INFO - Training LSTM model
2025-05-15 23:03:03,473 - INFO - Starting TBRGS application
2025-05-15 23:03:03,951 - ERROR - Error initializing map: 'NB_LATITUDE'
2025-05-15 23:07:36,450 - INFO - Starting TBRGS application
2025-05-15 23:07:37,007 - INFO - Available site IDs: ['970', '970', '970', '970', '2000', '2000', '2000', '2000', '2200', '2200', '2200', '2200', '2820', '2820', '2825', '2827', '2827', '2827', '2827', '2846', '2846', '2846', '2846', '3001', '3001', '3001', '3001', '3002', '3002', '3002', '3002', '3120', '3120', '3120', '3120', '3122', '3122', '3122', '3126', '3126', '3126', '3127', '3127', '3127', '3180', '3180', '3180', '3662', '3662', '3662', '3662', '3682', '3682', '3682', '3682', '3685', '3685', '3685', '3804', '3804', '3804', '3804', '3812', '3812', '3812', '3812', '4030', '4030', '4030', '4032', '4032', '4032', '4032', '4034', '4034', '4034', '4034', '4035', '4035', '4035', '4035', '4040', '4040', '4040', '4040', '4040', '4040', '4043', '4043', '4043', '4043', '4051', '4051', '4051', '4057', '4057', '4057', '4057', '4063', '4063', '4063', '4063', '4262', '4263', '4263', '4263', '4263', '4264', '4264', '4264', '4264', '4266', '4266', '4266', '4266', '4270', '4270', '4270', '4270', '4272', '4272', '4272', '4273', '4273', '4321', '4321', '4321', '4321', '4324', '4324', '4324', '4335', '4812', '4812', '4812', '4821', '4821', '4821', '4821']
2025-05-15 23:07:37,008 - INFO - Initialized 139 sites
2025-05-15 23:07:43,097 - INFO - Starting model training
2025-05-15 23:07:43,097 - INFO - Loading data
2025-05-15 23:07:43,413 - INFO - Found 40 unique sites
2025-05-15 23:07:43,413 - INFO - Training models for site 2000
2025-05-15 23:07:43,418 - INFO - Training LSTM model
2025-05-15 23:10:09,296 - INFO - LSTM model metrics: [0.001961582573130727, 0.03189949318766594]
2025-05-15 23:10:09,297 - WARNING - You are saving your model as an HDF5 file via `model.save()` or `keras.saving.save_model(model)`. This file format is considered legacy. We recommend using instead the native Keras format, e.g. `model.save('my_model.keras')` or `keras.saving.save_model(model, 'my_model.keras')`. 
2025-05-15 23:10:09,304 - INFO - Saved LSTM model to models/lstm_site_2000.h5
2025-05-15 23:10:09,304 - INFO - Training GRU model
2025-05-15 23:15:39,348 - INFO - GRU model metrics: {'loss': 0.0019873615819960833, 'mae': 0.03292734548449516}
2025-05-15 23:15:39,348 - WARNING - You are saving your model as an HDF5 file via `model.save()` or `keras.saving.save_model(model)`. This file format is considered legacy. We recommend using instead the native Keras format, e.g. `model.save('my_model.keras')` or `keras.saving.save_model(model, 'my_model.keras')`. 
2025-05-15 23:15:39,354 - INFO - Saved GRU model to models/gru_site_2000.h5
2025-05-15 23:15:39,354 - INFO - Model training completed
2025-05-15 23:17:00,343 - INFO - Starting TBRGS application
2025-05-15 23:17:00,933 - INFO - Available site IDs: ['970', '970', '970', '970', '2000', '2000', '2000', '2000', '2200', '2200', '2200', '2200', '2820', '2820', '2825', '2827', '2827', '2827', '2827', '2846', '2846', '2846', '2846', '3001', '3001', '3001', '3001', '3002', '3002', '3002', '3002', '3120', '3120', '3120', '3120', '3122', '3122', '3122', '3126', '3126', '3126', '3127', '3127', '3127', '3180', '3180', '3180', '3662', '3662', '3662', '3662', '3682', '3682', '3682', '3682', '3685', '3685', '3685', '3804', '3804', '3804', '3804', '3812', '3812', '3812', '3812', '4030', '4030', '4030', '4032', '4032', '4032', '4032', '4034', '4034', '4034', '4034', '4035', '4035', '4035', '4035', '4040', '4040', '4040', '4040', '4040', '4040', '4043', '4043', '4043', '4043', '4051', '4051', '4051', '4057', '4057', '4057', '4057', '4063', '4063', '4063', '4063', '4262', '4263', '4263', '4263', '4263', '4264', '4264', '4264', '4264', '4266', '4266', '4266', '4266', '4270', '4270', '4270', '4270', '4272', '4272', '4272', '4273', '4273', '4321', '4321', '4321', '4321', '4324', '4324', '4324', '4335', '4812', '4812', '4812', '4821', '4821', '4821', '4821']
2025-05-15 23:17:00,933 - INFO - Initialized 139 sites
2025-05-15 23:17:03,789 - INFO - Starting model training
2025-05-15 23:17:03,789 - INFO - Loading data
2025-05-15 23:17:04,105 - INFO - Found 40 unique sites
2025-05-15 23:17:04,105 - INFO - Training models for site 2000
2025-05-15 23:17:04,109 - INFO - Training LSTM model
2025-05-15 23:19:29,559 - INFO - LSTM model metrics: [0.001959404209628701, 0.03140958026051521]
2025-05-15 23:19:29,560 - WARNING - You are saving your model as an HDF5 file via `model.save()` or `keras.saving.save_model(model)`. This file format is considered legacy. We recommend using instead the native Keras format, e.g. `model.save('my_model.keras')` or `keras.saving.save_model(model, 'my_model.keras')`. 
2025-05-15 23:19:29,573 - INFO - Saved LSTM model to models/lstm_site_2000.h5
2025-05-15 23:19:29,573 - INFO - Training GRU model
2025-05-15 23:25:01,488 - INFO - GRU model metrics: {'loss': 0.001955382525920868, 'mae': 0.032047394663095474}
2025-05-15 23:25:01,488 - WARNING - You are saving your model as an HDF5 file via `model.save()` or `keras.saving.save_model(model)`. This file format is considered legacy. We recommend using instead the native Keras format, e.g. `model.save('my_model.keras')` or `keras.saving.save_model(model, 'my_model.keras')`. 
2025-05-15 23:25:01,495 - INFO - Saved GRU model to models/gru_site_2000.h5
2025-05-15 23:25:01,495 - INFO - Model training completed
2025-05-15 23:28:32,826 - INFO - Starting TBRGS application
2025-05-15 23:28:33,520 - INFO - Available site IDs: ['970', '970', '970', '970', '2000', '2000', '2000', '2000', '2200', '2200', '2200', '2200', '2820', '2820', '2825', '2827', '2827', '2827', '2827', '2846', '2846', '2846', '2846', '3001', '3001', '3001', '3001', '3002', '3002', '3002', '3002', '3120', '3120', '3120', '3120', '3122', '3122', '3122', '3126', '3126', '3126', '3127', '3127', '3127', '3180', '3180', '3180', '3662', '3662', '3662', '3662', '3682', '3682', '3682', '3682', '3685', '3685', '3685', '3804', '3804', '3804', '3804', '3812', '3812', '3812', '3812', '4030', '4030', '4030', '4032', '4032', '4032', '4032', '4034', '4034', '4034', '4034', '4035', '4035', '4035', '4035', '4040', '4040', '4040', '4040', '4040', '4040', '4043', '4043', '4043', '4043', '4051', '4051', '4051', '4057', '4057', '4057', '4057', '4063', '4063', '4063', '4063', '4262', '4263', '4263', '4263', '4263', '4264', '4264', '4264', '4264', '4266', '4266', '4266', '4266', '4270', '4270', '4270', '4270', '4272', '4272', '4272', '4273', '4273', '4321', '4321', '4321', '4321', '4324', '4324', '4324', '4335', '4812', '4812', '4812', '4821', '4821', '4821', '4821']
2025-05-15 23:28:33,520 - INFO - Initialized 139 sites
2025-05-15 23:28:39,253 - INFO - Starting model training
2025-05-15 23:28:39,253 - INFO - Loading data
2025-05-15 23:28:39,569 - INFO - Found 40 unique sites
2025-05-15 23:28:39,569 - INFO - Training models for site 2000
2025-05-15 23:28:39,574 - INFO - Training LSTM model
2025-05-15 23:31:05,272 - INFO - LSTM model metrics: [0.0021060477010905743, 0.03199167922139168]
2025-05-15 23:31:05,273 - ERROR - Error during model training: 'LSTMModel' object has no attribute 'plot_predictions'
2025-05-15 23:32:17,112 - INFO - Starting TBRGS application
2025-05-15 23:32:17,672 - INFO - Available site IDs: ['970', '970', '970', '970', '2000', '2000', '2000', '2000', '2200', '2200', '2200', '2200', '2820', '2820', '2825', '2827', '2827', '2827', '2827', '2846', '2846', '2846', '2846', '3001', '3001', '3001', '3001', '3002', '3002', '3002', '3002', '3120', '3120', '3120', '3120', '3122', '3122', '3122', '3126', '3126', '3126', '3127', '3127', '3127', '3180', '3180', '3180', '3662', '3662', '3662', '3662', '3682', '3682', '3682', '3682', '3685', '3685', '3685', '3804', '3804', '3804', '3804', '3812', '3812', '3812', '3812', '4030', '4030', '4030', '4032', '4032', '4032', '4032', '4034', '4034', '4034', '4034', '4035', '4035', '4035', '4035', '4040', '4040', '4040', '4040', '4040', '4040', '4043', '4043', '4043', '4043', '4051', '4051', '4051', '4057', '4057', '4057', '4057', '4063', '4063', '4063', '4063', '4262', '4263', '4263', '4263', '4263', '4264', '4264', '4264', '4264', '4266', '4266', '4266', '4266', '4270', '4270', '4270', '4270', '4272', '4272', '4272', '4273', '4273', '4321', '4321', '4321', '4321', '4324', '4324', '4324', '4335', '4812', '4812', '4812', '4821', '4821', '4821', '4821']
2025-05-15 23:32:17,673 - INFO - Initialized 139 sites
2025-05-15 23:32:22,340 - INFO - Starting model training
2025-05-15 23:32:22,340 - INFO - Loading data
2025-05-15 23:32:22,650 - INFO - Found 40 unique sites
2025-05-15 23:32:22,650 - INFO - Training models for site 2000
2025-05-15 23:32:22,654 - INFO - Training LSTM model
2025-05-15 23:37:14,746 - INFO - LSTM model metrics: {'loss': 0.00196043006144464, 'mae': 0.03188178688287735}
2025-05-15 23:38:37,547 - INFO - Starting TBRGS application
2025-05-15 23:38:38,125 - INFO - Available site IDs: ['970', '970', '970', '970', '2000', '2000', '2000', '2000', '2200', '2200', '2200', '2200', '2820', '2820', '2825', '2827', '2827', '2827', '2827', '2846', '2846', '2846', '2846', '3001', '3001', '3001', '3001', '3002', '3002', '3002', '3002', '3120', '3120', '3120', '3120', '3122', '3122', '3122', '3126', '3126', '3126', '3127', '3127', '3127', '3180', '3180', '3180', '3662', '3662', '3662', '3662', '3682', '3682', '3682', '3682', '3685', '3685', '3685', '3804', '3804', '3804', '3804', '3812', '3812', '3812', '3812', '4030', '4030', '4030', '4032', '4032', '4032', '4032', '4034', '4034', '4034', '4034', '4035', '4035', '4035', '4035', '4040', '4040', '4040', '4040', '4040', '4040', '4043', '4043', '4043', '4043', '4051', '4051', '4051', '4057', '4057', '4057', '4057', '4063', '4063', '4063', '4063', '4262', '4263', '4263', '4263', '4263', '4264', '4264', '4264', '4264', '4266', '4266', '4266', '4266', '4270', '4270', '4270', '4270', '4272', '4272', '4272', '4273', '4273', '4321', '4321', '4321', '4321', '4324', '4324', '4324', '4335', '4812', '4812', '4812', '4821', '4821', '4821', '4821']
2025-05-15 23:38:38,126 - INFO - Initialized 139 sites
2025-05-15 23:38:41,918 - INFO - Starting model training
2025-05-15 23:38:41,919 - INFO - Loading data
2025-05-15 23:38:42,230 - INFO - Found 40 unique sites
2025-05-15 23:38:42,230 - INFO - Training models for site 2000
2025-05-15 23:38:42,234 - INFO - Training LSTM model
2025-05-15 23:43:38,121 - INFO - LSTM model metrics: {'loss': 0.002009637886658311, 'mae': 0.031925663352012634}
2025-05-15 23:43:38,791 - WARNING - You are saving your model as an HDF5 file via `model.save()` or `keras.saving.save_model(model)`. This file format is considered legacy. We recommend using instead the native Keras format, e.g. `model.save('my_model.keras')` or `keras.saving.save_model(model, 'my_model.keras')`. 
2025-05-15 23:43:38,807 - INFO - Saved LSTM model to models/lstm_site_2000.h5
2025-05-15 23:43:38,807 - INFO - Training GRU model
2025-05-15 23:49:13,059 - INFO - GRU model metrics: {'loss': 0.0019949364941567183, 'mae': 0.03240480273962021}
2025-05-15 23:49:13,602 - WARNING - You are saving your model as an HDF5 file via `model.save()` or `keras.saving.save_model(model)`. This file format is considered legacy. We recommend using instead the native Keras format, e.g. `model.save('my_model.keras')` or `keras.saving.save_model(model, 'my_model.keras')`. 
2025-05-15 23:49:13,608 - INFO - Saved GRU model to models/gru_site_2000.h5
2025-05-15 23:49:13,608 - INFO - Model training completed
2025-05-15 23:53:17,066 - INFO - Starting TBRGS application
2025-05-15 23:53:23,315 - INFO - Starting model training
2025-05-15 23:53:23,315 - INFO - Loading data
2025-05-15 23:53:23,606 - INFO - Found 40 unique sites
2025-05-15 23:53:23,606 - INFO - Training models for site 2000
2025-05-15 23:53:23,610 - INFO - Training LSTM model
2025-05-15 23:58:17,054 - INFO - LSTM model metrics: {'loss': 0.0020333195570856333, 'mae': 0.03274960815906525}
2025-05-15 23:58:17,649 - WARNING - You are saving your model as an HDF5 file via `model.save()` or `keras.saving.save_model(model)`. This file format is considered legacy. We recommend using instead the native Keras format, e.g. `model.save('my_model.keras')` or `keras.saving.save_model(model, 'my_model.keras')`. 
2025-05-15 23:58:17,658 - INFO - Saved LSTM model to models/lstm_site_2000.h5
2025-05-15 23:58:17,658 - INFO - Training GRU model
2025-05-16 00:04:11,935 - INFO - GRU model metrics: {'loss': 0.002141027944162488, 'mae': 0.034301456063985825}
2025-05-16 00:04:12,488 - WARNING - You are saving your model as an HDF5 file via `model.save()` or `keras.saving.save_model(model)`. This file format is considered legacy. We recommend using instead the native Keras format, e.g. `model.save('my_model.keras')` or `keras.saving.save_model(model, 'my_model.keras')`. 
2025-05-16 00:04:12,494 - INFO - Saved GRU model to models/gru_site_2000.h5
2025-05-16 00:04:12,494 - INFO - Model training completed
